<?xml version="1.0" encoding="UTF-8"?>
<!-- Generated by org.testng.reporters.JUnitReportReporter -->
<testsuite hostname="INLEN8520031438" failures="0" tests="3" name="testrunner.Insurance_Testrunner" time="21.619" errors="0" timestamp="2023-06-07T10:01:16 IST" skipped="0">
  <testcase classname="testrunner.Insurance_Testrunner" name="runScenario" time="7.955"/>
  <system-out/>
  <testcase classname="testrunner.Insurance_Testrunner" name="runScenario" time="6.770"/>
  <system-out/>
  <testcase classname="testrunner.Insurance_Testrunner" name="runScenario" time="6.894"/>
  <system-out/>
</testsuite> <!-- testrunner.Insurance_Testrunner -->
