<?xml version="1.0" encoding="UTF-8"?>
<!-- Generated by org.testng.reporters.JUnitReportReporter -->
<testsuite hostname="INLEN8520031438" failures="0" tests="3" name="testrunner.InsuranceDataDriven_TestRunner" time="103.577" errors="0" timestamp="2023-06-07T10:03:09 IST" skipped="0">
  <testcase classname="testrunner.InsuranceDataDriven_TestRunner" name="runScenario" time="34.141"/>
  <system-out/>
  <testcase classname="testrunner.InsuranceDataDriven_TestRunner" name="runScenario" time="34.192"/>
  <system-out/>
  <testcase classname="testrunner.InsuranceDataDriven_TestRunner" name="runScenario" time="35.244"/>
  <system-out/>
</testsuite> <!-- testrunner.InsuranceDataDriven_TestRunner -->
