<?xml version="1.0" encoding="UTF-8"?>
<!-- Generated by org.testng.reporters.JUnitReportReporter -->
<testsuite hostname="INLEN8520031438" failures="0" tests="4" name="testrunner.Insurance_Excel_TestRunner" time="137.834" errors="0" timestamp="2023-06-07T14:38:16 IST" skipped="0">
  <testcase classname="testrunner.Insurance_Excel_TestRunner" name="runScenario" time="34.126"/>
  <system-out/>
  <testcase classname="testrunner.Insurance_Excel_TestRunner" name="runScenario" time="33.860"/>
  <system-out/>
  <testcase classname="testrunner.Insurance_Excel_TestRunner" name="runScenario" time="33.908"/>
  <system-out/>
  <testcase classname="testrunner.Insurance_Excel_TestRunner" name="runScenario" time="35.940"/>
  <system-out/>
</testsuite> <!-- testrunner.Insurance_Excel_TestRunner -->
